New log file opened at Mon Oct 26 22:58:49 CET 2015 by 1096@monkeymind
Taking next connection to: 51712
New client attempting to connect on port: 51713-51712
  Address = /192.168.56.1:51712
This client on port 51713 has uuid f54fd60d-4b63-4d8e-aaae-0fd3618f8569 configName activator humanReadableName Activator protocolVersion 3 featureTags Vector()
Connected Clients: activator-f54fd60d-4b63-4d8e-aaae-0fd3618f8569
Taking next connection to: 51712
New client attempting to connect on port: 51714-51712
  Address = /192.168.56.1:51712
Handshake exception on socket: 51714
sbt.impl.ipc.HandshakeException: Unable to perform handshake
	at sbt.impl.ipc.Peer.handshake(IPC.scala:46)
	at sbt.impl.ipc.MultiClientServer.<init>(IPC.scala:150)
	at sbt.server.SbtServerSocketHandler$$anon$1.run(SbtServerSocketHandler.scala:43)
Caused by: java.net.SocketException: Software caused connection abort: recv failed
	at java.net.SocketInputStream.socketRead0(Native Method)
	at java.net.SocketInputStream.socketRead(Unknown Source)
	at java.net.SocketInputStream.read(Unknown Source)
	at java.net.SocketInputStream.read(Unknown Source)
	at java.io.BufferedInputStream.fill(Unknown Source)
	at java.io.BufferedInputStream.read(Unknown Source)
	at java.io.DataInputStream.readInt(Unknown Source)
	at sbt.impl.ipc.Peer.receive(IPC.scala:95)
	at sbt.impl.ipc.Peer.handshake(IPC.scala:49)
	... 2 more
Taking next connection to: 51712
New client attempting to connect on port: 51715-51712
  Address = /192.168.56.1:51712
This client on port 51715 has uuid e83767b8-c222-466c-b4d4-109dbc285acd configName play-fork-run humanReadableName Play Fork Run protocolVersion 1 featureTags Vector()
Connected Clients: activator-f54fd60d-4b63-4d8e-aaae-0fd3618f8569, play-fork-run-e83767b8-c222-466c-b4d4-109dbc285acd
Taking next connection to: 51712
Checking to see if clients are empty...
We have 1 non-daemon clients, continuing serving connections.
Taking next connection to: 51712
Checking to see if clients are empty...
We have 1 non-daemon clients, continuing serving connections.
Taking next connection to: 51712
Checking to see if clients are empty...
We have 1 non-daemon clients, continuing serving connections.
Taking next connection to: 51712
Checking to see if clients are empty...
We have 1 non-daemon clients, continuing serving connections.
Taking next connection to: 51712
Checking to see if clients are empty...
We have 1 non-daemon clients, continuing serving connections.
Taking next connection to: 51712
Checking to see if clients are empty...
We have 1 non-daemon clients, continuing serving connections.
Taking next connection to: 51712
Checking to see if clients are empty...
We have 1 non-daemon clients, continuing serving connections.
Taking next connection to: 51712
Checking to see if clients are empty...
We have 1 non-daemon clients, continuing serving connections.
Taking next connection to: 51712
Checking to see if clients are empty...
We have 1 non-daemon clients, continuing serving connections.
Taking next connection to: 51712
Checking to see if clients are empty...
We have 1 non-daemon clients, continuing serving connections.
Taking next connection to: 51712
Checking to see if clients are empty...
We have 1 non-daemon clients, continuing serving connections.
Taking next connection to: 51712
Checking to see if clients are empty...
We have 1 non-daemon clients, continuing serving connections.
Taking next connection to: 51712
Checking to see if clients are empty...
We have 1 non-daemon clients, continuing serving connections.
Taking next connection to: 51712
Checking to see if clients are empty...
We have 1 non-daemon clients, continuing serving connections.
Taking next connection to: 51712
Checking to see if clients are empty...
We have 1 non-daemon clients, continuing serving connections.
Taking next connection to: 51712
Checking to see if clients are empty...
We have 1 non-daemon clients, continuing serving connections.
Taking next connection to: 51712
